<?xml version="1.0" encoding="UTF-8"?>
<testng-results skipped="0" failed="0" total="1" passed="1">
  <reporter-output>
  </reporter-output>
  <suite name="Default suite" duration-ms="14481" started-at="2020-08-13T02:47:38Z" finished-at="2020-08-13T02:47:53Z">
    <groups>
      <group name="cucumber">
        <method signature="AbstractTestNGCucumberTests.feature(cucumber.api.testng.CucumberFeatureWrapper)[pri:0, instance:aa.runners.RunnerClass@5ebec15]" name="feature" class="cucumber.api.testng.AbstractTestNGCucumberTests"/>
      </group> <!-- cucumber -->
    </groups>
    <test name="Default test" duration-ms="14481" started-at="2020-08-13T02:47:38Z" finished-at="2020-08-13T02:47:53Z">
      <class name="aa.runners.RunnerClass">
        <test-method status="PASS" signature="setUpClass()[pri:0, instance:aa.runners.RunnerClass@5ebec15]" name="setUpClass" is-config="true" duration-ms="138" started-at="2020-08-12T22:47:38Z" finished-at="2020-08-12T22:47:38Z">
          <reporter-output>
          </reporter-output>
        </test-method> <!-- setUpClass -->
        <test-method status="PASS" signature="feature(cucumber.api.testng.CucumberFeatureWrapper)[pri:0, instance:aa.runners.RunnerClass@5ebec15]" name="feature" duration-ms="14061" started-at="2020-08-12T22:47:39Z" description="Runs Cucumber Feature" data-provider="features" finished-at="2020-08-12T22:47:53Z">
          <params>
            <param index="0">
              <value>
                <![CDATA[User ability to booking a ticket]]>
              </value>
            </param>
          </params>
          <reporter-output>
          </reporter-output>
        </test-method> <!-- feature -->
        <test-method status="PASS" signature="writeExtentReport()[pri:0, instance:aa.runners.RunnerClass@5ebec15]" name="writeExtentReport" is-config="true" duration-ms="11" started-at="2020-08-12T22:47:53Z" finished-at="2020-08-12T22:47:53Z">
          <reporter-output>
          </reporter-output>
        </test-method> <!-- writeExtentReport -->
        <test-method status="PASS" signature="tearDownClass()[pri:0, instance:aa.runners.RunnerClass@5ebec15]" name="tearDownClass" is-config="true" duration-ms="220" started-at="2020-08-12T22:47:53Z" finished-at="2020-08-12T22:47:53Z">
          <reporter-output>
          </reporter-output>
        </test-method> <!-- tearDownClass -->
      </class> <!-- aa.runners.RunnerClass -->
    </test> <!-- Default test -->
  </suite> <!-- Default suite -->
</testng-results>
